{
  "RSpec": {
    "coverage": {
      "/Users/admin/tech-tests/ISBN-number/spec/ISBNTen_spec.rb": [
        1,
        null,
        1,
        1,
        1,
        1,
        1,
        null,
        null,
        null,
        1,
        1,
        1,
        1,
        null,
        null,
        1,
        1,
        1,
        null,
        null,
        1,
        1,
        1,
        null,
        null,
        1,
        1,
        1,
        null,
        null,
        1,
        1,
        1,
        null,
        null,
        1,
        1,
        1,
        null,
        null,
        1,
        1,
        1,
        null,
        null,
        1,
        1,
        1,
        null,
        null,
        null
      ],
      "/Users/admin/tech-tests/ISBN-number/lib/ISBNTen.rb": [
        1,
        1,
        null,
        1,
        9,
        null,
        null,
        1,
        8,
        null,
        null,
        1,
        null,
        1,
        8,
        null,
        null,
        1,
        3,
        42,
        null,
        null,
        1,
        30,
        1,
        null,
        29,
        null,
        null,
        null,
        1,
        3,
        3,
        30,
        null,
        3,
        null,
        null,
        1,
        6,
        null,
        null
      ]
    },
    "timestamp": 1558014999
  }
}
