{
  "RSpec": {
    "coverage": {
      "/Users/admin/tech-tests/ISBN-number/spec/ISBNTen_spec.rb": [
        1,
        null,
        1,
        1,
        1,
        1,
        1,
        null,
        null,
        null,
        1,
        1,
        1,
        1,
        null,
        null,
        1,
        1,
        1,
        null,
        null,
        1,
        1,
        1,
        null,
        null,
        1,
        null,
        null,
        null
      ],
      "/Users/admin/tech-tests/ISBN-number/lib/ISBNTen.rb": [
        1,
        1,
        null,
        1,
        4,
        null,
        null,
        1,
        3,
        null,
        null
      ]
    },
    "timestamp": 1557938548
  }
}
